Configuration:
	tmp_dir_path = /home/shiwei/sandbox_test/tmp_dir/
	src_dir_name = src
	exe_dir_name = exe
	tmp_out_dir_name = output
	in_data_dir_path = /home/shiwei/sandbox_test/indata/
	out_data_dir_path = /home/shiwei/sandbox_test/outdata/
LOG : database fetch thread start working...(Thread 3079240560ld)
LOG : Judge Start-----------------------Run id 1000	Problem id 1000
DBG : src file name : 1000.c
DBG : src file abspath : /home/shiwei/sandbox_test/tmp_dir/src/1000.c
DBG : exe file name : 1000
DBG : exe file abspath : /home/shiwei/sandbox_test/tmp_dir/exe/1000
DBG : in data file abspath : /home/shiwei/sandbox_test/indata/1000/1000
DBG : tmpout file abspath : /home/shiwei/sandbox_test/tmp_dir/output/1000
DBG : standout file abspath : /home/shiwei/sandbox_test/outdata/1000/1000
DBG : compile cmd : gcc /home/shiwei/sandbox_test/tmp_dir/src/1000.c -o /home/shiwei/sandbox_test/tmp_dir/exe/1000
DBG : argv[0] : gcc
DBG : argv[1] : /home/shiwei/sandbox_test/tmp_dir/src/1000.c
DBG : argv[2] : -o
DBG : argv[3] : /home/shiwei/sandbox_test/tmp_dir/exe/1000
Internal Error : exe file not found
Internal Error : compiler exception
WARNING : exe file remove failed
WARNING : tmpout file remove failed
WARNING : some tmp file not removed
LOG : Judge End-----------------------Run id 1000	Problem id 1000
LOG : Judge Start-----------------------Run id 1001	Problem id 1000
DBG : src file name : 1001.c
DBG : src file abspath : /home/shiwei/sandbox_test/tmp_dir/src/1001.c
DBG : exe file name : 1001
DBG : exe file abspath : /home/shiwei/sandbox_test/tmp_dir/exe/1001
DBG : in data file abspath : /home/shiwei/sandbox_test/indata/1000/1000
DBG : tmpout file abspath : /home/shiwei/sandbox_test/tmp_dir/output/1001
DBG : standout file abspath : /home/shiwei/sandbox_test/outdata/1000/1000
DBG : compile cmd : gcc /home/shiwei/sandbox_test/tmp_dir/src/1001.c -o /home/shiwei/sandbox_test/tmp_dir/exe/1001
DBG : argv[0] : gcc
DBG : argv[1] : /home/shiwei/sandbox_test/tmp_dir/src/1001.c
DBG : argv[2] : -o
DBG : argv[3] : /home/shiwei/sandbox_test/tmp_dir/exe/1001
Internal Error : exe file not found
Internal Error : compiler exception
WARNING : exe file remove failed
WARNING : tmpout file remove failed
WARNING : some tmp file not removed
LOG : Judge End-----------------------Run id 1001	Problem id 1000
LOG : Judge Start-----------------------Run id 1002	Problem id 1000
DBG : src file name : 1002.c
DBG : src file abspath : /home/shiwei/sandbox_test/tmp_dir/src/1002.c
DBG : exe file name : 1002
DBG : exe file abspath : /home/shiwei/sandbox_test/tmp_dir/exe/1002
DBG : in data file abspath : /home/shiwei/sandbox_test/indata/1000/1000
DBG : tmpout file abspath : /home/shiwei/sandbox_test/tmp_dir/output/1002
DBG : standout file abspath : /home/shiwei/sandbox_test/outdata/1000/1000
DBG : compile cmd : gcc /home/shiwei/sandbox_test/tmp_dir/src/1002.c -o /home/shiwei/sandbox_test/tmp_dir/exe/1002
DBG : argv[0] : gcc
DBG : argv[1] : /home/shiwei/sandbox_test/tmp_dir/src/1002.c
DBG : argv[2] : -o
DBG : argv[3] : /home/shiwei/sandbox_test/tmp_dir/exe/1002
Internal Error : exe file not found
Internal Error : compiler exception
WARNING : exe file remove failed
WARNING : tmpout file remove failed
WARNING : some tmp file not removed
LOG : Judge End-----------------------Run id 1002	Problem id 1000
LOG : Judge Start-----------------------Run id 1003	Problem id 1000
DBG : src file name : 1003.c
DBG : src file abspath : /home/shiwei/sandbox_test/tmp_dir/src/1003.c
DBG : exe file name : 1003
DBG : exe file abspath : /home/shiwei/sandbox_test/tmp_dir/exe/1003
DBG : in data file abspath : /home/shiwei/sandbox_test/indata/1000/1000
DBG : tmpout file abspath : /home/shiwei/sandbox_test/tmp_dir/output/1003
DBG : standout file abspath : /home/shiwei/sandbox_test/outdata/1000/1000
DBG : compile cmd : gcc /home/shiwei/sandbox_test/tmp_dir/src/1003.c -o /home/shiwei/sandbox_test/tmp_dir/exe/1003
DBG : argv[0] : gcc
DBG : argv[1] : /home/shiwei/sandbox_test/tmp_dir/src/1003.c
DBG : argv[2] : -o
DBG : argv[3] : /home/shiwei/sandbox_test/tmp_dir/exe/1003
Internal Error : exe file not found
Internal Error : compiler exception
WARNING : exe file remove failed
WARNING : tmpout file remove failed
WARNING : some tmp file not removed
LOG : Judge End-----------------------Run id 1003	Problem id 1000
LOG : Judge Start-----------------------Run id 1004	Problem id 1000
DBG : src file name : 1004.c
DBG : src file abspath : /home/shiwei/sandbox_test/tmp_dir/src/1004.c
DBG : exe file name : 1004
DBG : exe file abspath : /home/shiwei/sandbox_test/tmp_dir/exe/1004
DBG : in data file abspath : /home/shiwei/sandbox_test/indata/1000/1000
DBG : tmpout file abspath : /home/shiwei/sandbox_test/tmp_dir/output/1004
DBG : standout file abspath : /home/shiwei/sandbox_test/outdata/1000/1000
DBG : compile cmd : gcc /home/shiwei/sandbox_test/tmp_dir/src/1004.c -o /home/shiwei/sandbox_test/tmp_dir/exe/1004
DBG : argv[0] : gcc
DBG : argv[1] : /home/shiwei/sandbox_test/tmp_dir/src/1004.c
DBG : argv[2] : -o
DBG : argv[3] : /home/shiwei/sandbox_test/tmp_dir/exe/1004
Internal Error : exe file not found
Internal Error : compiler exception
WARNING : exe file remove failed
WARNING : tmpout file remove failed
WARNING : some tmp file not removed
LOG : Judge End-----------------------Run id 1004	Problem id 1000
Configuration:
	tmp_dir_path = /home/shiwei/sandbox_test/tmp_dir/
	src_dir_name = src
	exe_dir_name = exe
	tmp_out_dir_name = output
	in_data_dir_path = /home/shiwei/sandbox_test/indata/
	out_data_dir_path = /home/shiwei/sandbox_test/outdata/
LOG : database fetch thread start working...(Thread 3078814576ld)
LOG : Judge Start-----------------------Run id 1000	Problem id 1000
DBG : src file name : 1000.c
DBG : src file abspath : /home/shiwei/sandbox_test/tmp_dir/src/1000.c
DBG : exe file name : 1000
DBG : exe file abspath : /home/shiwei/sandbox_test/tmp_dir/exe/1000
DBG : in data file abspath : /home/shiwei/sandbox_test/indata/1000/1000
DBG : tmpout file abspath : /home/shiwei/sandbox_test/tmp_dir/output/1000
DBG : standout file abspath : /home/shiwei/sandbox_test/outdata/1000/1000
DBG : compile cmd : gcc /home/shiwei/sandbox_test/tmp_dir/src/1000.c -o /home/shiwei/sandbox_test/tmp_dir/exe/1000
DBG : argv[0] : gcc
DBG : argv[1] : /home/shiwei/sandbox_test/tmp_dir/src/1000.c
DBG : argv[2] : -o
DBG : argv[3] : /home/shiwei/sandbox_test/tmp_dir/exe/1000
Internal Error : exe file not found
Internal Error : compiler exception
WARNING : exe file remove failed
WARNING : tmpout file remove failed
WARNING : some tmp file not removed
LOG : Judge End-----------------------Run id 1000	Problem id 1000
Configuration:
	tmp_dir_path = /home/shiwei/sandbox_test/tmp_dir/
	src_dir_name = src
	exe_dir_name = exe
	tmp_out_dir_name = output
	in_data_dir_path = /home/shiwei/sandbox_test/indata/
	out_data_dir_path = /home/shiwei/sandbox_test/outdata/
LOG : database fetch thread start working...(Thread 3077536624ld)
LOG : Judge Start-----------------------Run id 1000	Problem id 1000
DBG : src file name : 1000.c
DBG : src file abspath : /home/shiwei/sandbox_test/tmp_dir/src/1000.c
DBG : exe file name : 1000
DBG : exe file abspath : /home/shiwei/sandbox_test/tmp_dir/exe/1000
DBG : in data file abspath : /home/shiwei/sandbox_test/indata/1000/1000
DBG : tmpout file abspath : /home/shiwei/sandbox_test/tmp_dir/output/1000
DBG : standout file abspath : /home/shiwei/sandbox_test/outdata/1000/1000
DBG : compile cmd : gcc 1000.c -o /home/shiwei/sandbox_test/tmp_dir/exe/1000
DBG : argv[0] : gcc
DBG : argv[1] : 1000.c
DBG : argv[2] : -o
DBG : argv[3] : /home/shiwei/sandbox_test/tmp_dir/exe/1000
Internal Error : exe file not found
Internal Error : compiler exception
WARNING : exe file remove failed
WARNING : tmpout file remove failed
WARNING : some tmp file not removed
LOG : Judge End-----------------------Run id 1000	Problem id 1000
Configuration:
	tmp_dir_path = /home/shiwei/sandbox_test/tmp_dir/
	src_dir_name = src
	exe_dir_name = exe
	tmp_out_dir_name = output
	in_data_dir_path = /home/shiwei/sandbox_test/indata/
	out_data_dir_path = /home/shiwei/sandbox_test/outdata/
LOG : database fetch thread start working...(Thread 3077757808ld)
LOG : Judge Start-----------------------Run id 1000	Problem id 1000
DBG : src file name : 1000.c
DBG : src file abspath : /home/shiwei/sandbox_test/tmp_dir/src/1000.c
DBG : exe file name : 1000
DBG : exe file abspath : /home/shiwei/sandbox_test/tmp_dir/exe/1000
DBG : in data file abspath : /home/shiwei/sandbox_test/indata/1000/1000
DBG : tmpout file abspath : /home/shiwei/sandbox_test/tmp_dir/output/1000
DBG : standout file abspath : /home/shiwei/sandbox_test/outdata/1000/1000
DBG : compile cmd : gcc 1000.c -o /home/shiwei/sandbox_test/tmp_dir/exe/1000
DBG : argv[0] : gcc
DBG : argv[1] : 1000.c
DBG : argv[2] : -o
DBG : argv[3] : /home/shiwei/sandbox_test/tmp_dir/exe/1000
DBG : sandbox init done
Enter trace loop
Event type : EVENT_SYSTEM_CALL_RETURN	Event data : 11 0 0 0 0 0
Action type : ACTION_CONTINUE	Action data : 0 0
----------------------wait4()----------------------
Event type : 	EVENT_SYSTEM_CALL	Event data : 45 0 12779508 0 8 134512692
Action type : ACTION_CONTINUE	Action data : 0 0
----------------------wait4()----------------------
Event type : EVENT_SYSTEM_CALL_RETURN	Event data : 45 147992576 0 0 0 0
Action type : ACTION_CONTINUE	Action data : 0 0
----------------------wait4()----------------------
Event type : 	EVENT_SYSTEM_CALL	Event data : 33 12761310 0 12779508 13115916 4
Action type : ACTION_CONTINUE	Action data : 0 0
----------------------wait4()----------------------
Event type : EVENT_SYSTEM_CALL_RETURN	Event data : 33 -2 0 0 0 0
Action type : ACTION_CONTINUE	Action data : 0 0
----------------------wait4()----------------------
Event type : 	EVENT_SYSTEM_CALL	Event data : 192 0 8192 3 34 -1
Action type : ACTION_CONTINUE	Action data : 0 0
----------------------wait4()----------------------
Event type : EVENT_SYSTEM_CALL_RETURN	Event data : 192 -1215610880 0 0 0 0
Action type : ACTION_CONTINUE	Action data : 0 0
----------------------wait4()----------------------
Event type : 	EVENT_SYSTEM_CALL	Event data : 33 12760455 4 12779508 12781848 12760455
Action type : ACTION_CONTINUE	Action data : 0 0
----------------------wait4()----------------------
Event type : EVENT_SYSTEM_CALL_RETURN	Event data : 33 -2 0 0 0 0
Action type : ACTION_CONTINUE	Action data : 0 0
----------------------wait4()----------------------
Event type : 	EVENT_SYSTEM_CALL	Event data : 5 12761210 0 0 12781720 134513164
Action type : ACTION_CONTINUE	Action data : 0 0
----------------------wait4()----------------------
Event type : EVENT_SYSTEM_CALL_RETURN	Event data : 5 7 0 0 0 0
Action type : ACTION_CONTINUE	Action data : 0 0
----------------------wait4()----------------------
Event type : 	EVENT_SYSTEM_CALL	Event data : 197 7 -1079340024 12779508 12781720 7
Action type : ACTION_CONTINUE	Action data : 0 0
----------------------wait4()----------------------
Event type : EVENT_SYSTEM_CALL_RETURN	Event data : 197 0 0 0 0 0
Action type : ACTION_CONTINUE	Action data : 0 0
----------------------wait4()----------------------
Event type : 	EVENT_SYSTEM_CALL	Event data : 192 0 86927 1 2 7
Action type : ACTION_CONTINUE	Action data : 0 0
----------------------wait4()----------------------
Event type : EVENT_SYSTEM_CALL_RETURN	Event data : 192 -1215700992 0 0 0 0
Action type : ACTION_CONTINUE	Action data : 0 0
----------------------wait4()----------------------
Event type : 	EVENT_SYSTEM_CALL	Event data : 6 7 86927 12779508 12781720 7
Action type : ACTION_CONTINUE	Action data : 0 0
----------------------wait4()----------------------
Event type : EVENT_SYSTEM_CALL_RETURN	Event data : 6 0 0 0 0 0
Action type : ACTION_CONTINUE	Action data : 0 0
----------------------wait4()----------------------
Event type : 	EVENT_SYSTEM_CALL	Event data : 33 12761310 0 12779508 0 3
Action type : ACTION_CONTINUE	Action data : 0 0
----------------------wait4()----------------------
Event type : EVENT_SYSTEM_CALL_RETURN	Event data : 33 -2 0 0 0 0
Action type : ACTION_CONTINUE	Action data : 0 0
----------------------wait4()----------------------
Event type : 	EVENT_SYSTEM_CALL	Event data : 5 -1215623379 0 0 -1215623379 134513164
Action type : ACTION_CONTINUE	Action data : 0 0
----------------------wait4()----------------------
Event type : EVENT_SYSTEM_CALL_RETURN	Event data : 5 7 0 0 0 0
Action type : ACTION_CONTINUE	Action data : 0 0
----------------------wait4()----------------------
Event type : 	EVENT_SYSTEM_CALL	Event data : 3 7 -1079339732 512 -1215623379 -1079339732
Action type : ACTION_CONTINUE	Action data : 0 0
----------------------wait4()----------------------
Event type : EVENT_SYSTEM_CALL_RETURN	Event data : 3 512 0 0 0 0
Action type : ACTION_CONTINUE	Action data : 0 0
----------------------wait4()----------------------
Event type : 	EVENT_SYSTEM_CALL	Event data : 197 7 -1079339940 12779508 1 134513164
Action type : ACTION_CONTINUE	Action data : 0 0
----------------------wait4()----------------------
Event type : EVENT_SYSTEM_CALL_RETURN	Event data : 197 0 0 0 0 0
Action type : ACTION_CONTINUE	Action data : 0 0
----------------------wait4()----------------------
Event type : 	EVENT_SYSTEM_CALL	Event data : 192 0 1444360 5 2050 7
Action type : ACTION_CONTINUE	Action data : 0 0
----------------------wait4()----------------------
Event type : EVENT_SYSTEM_CALL_RETURN	Event data : 192 2265088 0 0 0 0
Action type : ACTION_CONTINUE	Action data : 0 0
----------------------wait4()----------------------
Event type : 	EVENT_SYSTEM_CALL	Event data : 125 3682304 4096 0 -1079340304 -1215604648
Action type : ACTION_CONTINUE	Action data : 0 0
----------------------wait4()----------------------
Event type : EVENT_SYSTEM_CALL_RETURN	Event data : 125 0 0 0 0 0
Action type : ACTION_CONTINUE	Action data : 0 0
----------------------wait4()----------------------
Event type : 	EVENT_SYSTEM_CALL	Event data : 192 3686400 12288 3 2066 7
Action type : ACTION_CONTINUE	Action data : 0 0
----------------------wait4()----------------------
Event type : EVENT_SYSTEM_CALL_RETURN	Event data : 192 3686400 0 0 0 0
Action type : ACTION_CONTINUE	Action data : 0 0
----------------------wait4()----------------------
Event type : 	EVENT_SYSTEM_CALL	Event data : 192 3698688 10760 3 50 -1
Action type : ACTION_CONTINUE	Action data : 0 0
----------------------wait4()----------------------
Event type : EVENT_SYSTEM_CALL_RETURN	Event data : 192 3698688 0 0 0 0
Action type : ACTION_CONTINUE	Action data : 0 0
----------------------wait4()----------------------
Event type : 	EVENT_SYSTEM_CALL	Event data : 6 7 7 12779508 0 -1215604648
Action type : ACTION_CONTINUE	Action data : 0 0
----------------------wait4()----------------------
Event type : EVENT_SYSTEM_CALL_RETURN	Event data : 6 0 0 0 0 0
Action type : ACTION_CONTINUE	Action data : 0 0
----------------------wait4()----------------------
Event type : 	EVENT_SYSTEM_CALL	Event data : 192 0 4096 3 34 -1
Action type : ACTION_CONTINUE	Action data : 0 0
----------------------wait4()----------------------
Event type : EVENT_SYSTEM_CALL_RETURN	Event data : 192 -1215705088 0 0 0 0
Action type : ACTION_CONTINUE	Action data : 0 0
----------------------wait4()----------------------
Event type : 	EVENT_SYSTEM_CALL	Event data : 243 -1079338792 12779508 -1215702832 1 0
Action type : ACTION_CONTINUE	Action data : 0 0
----------------------wait4()----------------------
Event type : EVENT_SYSTEM_CALL_RETURN	Event data : 243 0 0 0 0 0
Action type : ACTION_CONTINUE	Action data : 0 0
----------------------wait4()----------------------
Event type : 	EVENT_SYSTEM_CALL	Event data : 125 3686400 8192 1 -1215604648 -1215604648
Action type : ACTION_CONTINUE	Action data : 0 0
----------------------wait4()----------------------
Event type : EVENT_SYSTEM_CALL_RETURN	Event data : 125 0 0 0 0 0
Action type : ACTION_CONTINUE	Action data : 0 0
----------------------wait4()----------------------
Event type : 	EVENT_SYSTEM_CALL	Event data : 125 134516736 4096 1 12781848 12781848
Action type : ACTION_CONTINUE	Action data : 0 0
----------------------wait4()----------------------
Event type : EVENT_SYSTEM_CALL_RETURN	Event data : 125 0 0 0 0 0
Action type : ACTION_CONTINUE	Action data : 0 0
----------------------wait4()----------------------
Event type : 	EVENT_SYSTEM_CALL	Event data : 125 12775424 4096 1 12780860 12780860
Action type : ACTION_CONTINUE	Action data : 0 0
----------------------wait4()----------------------
Event type : EVENT_SYSTEM_CALL_RETURN	Event data : 125 0 0 0 0 0
Action type : ACTION_CONTINUE	Action data : 0 0
----------------------wait4()----------------------
Event type : 	EVENT_SYSTEM_CALL	Event data : 91 -1215700992 86927 12779508 12781848 -1215610880
Action type : ACTION_CONTINUE	Action data : 0 0
----------------------wait4()----------------------
Event type : EVENT_SYSTEM_CALL_RETURN	Event data : 91 0 0 0 0 0
Action type : ACTION_CONTINUE	Action data : 0 0
----------------------wait4()----------------------
Event type : 	EVENT_SYSTEM_CALL	Event data : 197 1 -1079338824 3694580 3695840 8192
Action type : ACTION_CONTINUE	Action data : 0 0
----------------------wait4()----------------------
Event type : EVENT_SYSTEM_CALL_RETURN	Event data : 197 0 0 0 0 0
Action type : ACTION_CONTINUE	Action data : 0 0
----------------------wait4()----------------------
Event type : 	EVENT_SYSTEM_CALL	Event data : 192 0 4096 3 34 -1
Action type : ACTION_CONTINUE	Action data : 0 0
----------------------wait4()----------------------
Event type : EVENT_SYSTEM_CALL_RETURN	Event data : 192 -1215614976 0 0 0 0
Action type : ACTION_CONTINUE	Action data : 0 0
----------------------wait4()----------------------
Event type : 	EVENT_SYSTEM_CALL	Event data : 4 1 -1215614976 13 -1215614976 13
Action type : ACTION_CONTINUE	Action data : 0 0
----------------------wait4()----------------------
Event type : EVENT_SYSTEM_CALL_RETURN	Event data : 4 13 0 0 0 0
Action type : ACTION_CONTINUE	Action data : 0 0
----------------------wait4()----------------------
Event type : 	EVENT_SYSTEM_CALL	Event data : 252 0 0 8 3687008 0
Action type : ACTION_CONTINUE	Action data : 0 0
----------------------wait4()----------------------
Event type : EVENT_EXIT	Event data : 0 0 0 0 0 0
Action type : ACTION_EXIT	Action data : 0 0
Time usage : 0.00(ms)
Memory usage : 1826816(B)
LOG : Judge End-----------------------Run id 1000	Problem id 1000
